<?xml version="1.0" encoding="UTF-8"?>
<!-- Generated by org.testng.reporters.JUnitReportReporter -->
<testsuite hostname="A2ML22163" name="TestBuildWithParameters.TestBuildWithParameters.AppTest" tests="1" failures="0" timestamp="11 Mar 2019 12:16:24 GMT" time="0.000" errors="0">
  <testcase name="testApp" time="0.000" classname="TestBuildWithParameters.TestBuildWithParameters.AppTest"/>
</testsuite> <!-- TestBuildWithParameters.TestBuildWithParameters.AppTest -->
